# JRE version: Java(TM) SE Runtime Environment (8.0_331-b09) (build 1.8.0_331-b09)
# Java VM: Java HotSpot(TM) 64-Bit Server VM (25.331-b09 mixed mode windows-amd64 compressed oops)
Heap:
 PSYoungGen      total 1049088K, used 99087K [0x0000000580100000, 0x00000005d7080000, 0x0000000800000000)
  eden space 962048K, 10% used [0x0000000580100000,0x00000005861c3c28,0x00000005bac80000)
  from space 87040K, 0% used [0x00000005bac80000,0x00000005bac80000,0x00000005c0180000)
  to   space 44544K, 0% used [0x00000005d4500000,0x00000005d4500000,0x00000005d7080000)
 ParOldGen       total 2153472K, used 53330K [0x0000000080200000, 0x0000000103900000, 0x0000000580100000)
  object space 2153472K, 2% used [0x0000000080200000,0x0000000083614940,0x0000000103900000)
 Metaspace       used 57219K, capacity 59714K, committed 59904K, reserved 1101824K
  class space    used 7171K, capacity 7609K, committed 7680K, reserved 1048576K
GC Heap History (10 events):
Event: 1.542 GC heap before
{Heap before GC invocations=4 (full 2):
 PSYoungGen      total 687616K, used 28278K [0x0000000580100000, 0x00000005c7200000, 0x0000000800000000)
  eden space 658944K, 0% used [0x0000000580100000,0x0000000580100000,0x00000005a8480000)
  from space 28672K, 98% used [0x00000005c5600000,0x00000005c719da00,0x00000005c7200000)
  to   space 87040K, 0% used [0x00000005bc800000,0x00000005bc800000,0x00000005c1d00000)
 ParOldGen       total 907776K, used 16701K [0x0000000080200000, 0x00000000b7880000, 0x0000000580100000)
  object space 907776K, 1% used [0x0000000080200000,0x000000008124f760,0x00000000b7880000)
 Metaspace       used 34325K, capacity 35346K, committed 35416K, reserved 1081344K
  class space    used 4361K, capacity 4607K, committed 4608K, reserved 1048576K
Event: 1.568 GC heap after
Heap after GC invocations=4 (full 2):
 PSYoungGen      total 687616K, used 0K [0x0000000580100000, 0x00000005c7200000, 0x0000000800000000)
  eden space 658944K, 0% used [0x0000000580100000,0x0000000580100000,0x00000005a8480000)
  from space 28672K, 0% used [0x00000005c5600000,0x00000005c5600000,0x00000005c7200000)
  to   space 87040K, 0% used [0x00000005bc800000,0x00000005bc800000,0x00000005c1d00000)
 ParOldGen       total 1566720K, used 33455K [0x0000000080200000, 0x00000000dfc00000, 0x0000000580100000)
  object space 1566720K, 2% used [0x0000000080200000,0x00000000822abda0,0x00000000dfc00000)
 Metaspace       used 34325K, capacity 35346K, committed 35416K, reserved 1081344K
  class space    used 4361K, capacity 4607K, committed 4608K, reserved 1048576K
}
Event: 3.136 GC heap before
{Heap before GC invocations=5 (full 2):
 PSYoungGen      total 687616K, used 658944K [0x0000000580100000, 0x00000005c7200000, 0x0000000800000000)
  eden space 658944K, 100% used [0x0000000580100000,0x00000005a8480000,0x00000005a8480000)
  from space 28672K, 0% used [0x00000005c5600000,0x00000005c5600000,0x00000005c7200000)
  to   space 87040K, 0% used [0x00000005bc800000,0x00000005bc800000,0x00000005c1d00000)
 ParOldGen       total 1566720K, used 33455K [0x0000000080200000, 0x00000000dfc00000, 0x0000000580100000)
  object space 1566720K, 2% used [0x0000000080200000,0x00000000822abda0,0x00000000dfc00000)
 Metaspace       used 48015K, capacity 50024K, committed 50176K, reserved 1093632K
  class space    used 6189K, capacity 6550K, committed 6656K, reserved 1048576K
Event: 3.151 GC heap after
Heap after GC invocations=5 (full 2):
 PSYoungGen      total 858112K, used 26913K [0x0000000580100000, 0x00000005c5680000, 0x0000000800000000)
  eden space 830976K, 0% used [0x0000000580100000,0x0000000580100000,0x00000005b2c80000)
  from space 27136K, 99% used [0x00000005bc800000,0x00000005be248498,0x00000005be280000)
  to   space 87040K, 0% used [0x00000005c0180000,0x00000005c0180000,0x00000005c5680000)
 ParOldGen       total 1566720K, used 33463K [0x0000000080200000, 0x00000000dfc00000, 0x0000000580100000)
  object space 1566720K, 2% used [0x0000000080200000,0x00000000822adda0,0x00000000dfc00000)
 Metaspace       used 48015K, capacity 50024K, committed 50176K, reserved 1093632K
  class space    used 6189K, capacity 6550K, committed 6656K, reserved 1048576K
}
Event: 4.101 GC heap before
{Heap before GC invocations=6 (full 2):
 PSYoungGen      total 858112K, used 857889K [0x0000000580100000, 0x00000005c5680000, 0x0000000800000000)
  eden space 830976K, 100% used [0x0000000580100000,0x00000005b2c80000,0x00000005b2c80000)
  from space 27136K, 99% used [0x00000005bc800000,0x00000005be248498,0x00000005be280000)
  to   space 87040K, 0% used [0x00000005c0180000,0x00000005c0180000,0x00000005c5680000)
 ParOldGen       total 1566720K, used 33463K [0x0000000080200000, 0x00000000dfc00000, 0x0000000580100000)
  object space 1566720K, 2% used [0x0000000080200000,0x00000000822adda0,0x00000000dfc00000)
 Metaspace       used 56146K, capacity 58494K, committed 58752K, reserved 1099776K
  class space    used 7073K, capacity 7485K, committed 7552K, reserved 1048576K
Event: 4.113 GC heap after
Heap after GC invocations=6 (full 2):
 PSYoungGen      total 1049088K, used 39523K [0x0000000580100000, 0x00000005cb080000, 0x0000000800000000)
  eden space 962048K, 0% used [0x0000000580100000,0x0000000580100000,0x00000005bac80000)
  from space 87040K, 45% used [0x00000005c0180000,0x00000005c2818e08,0x00000005c5680000)
  to   space 87040K, 0% used [0x00000005bac80000,0x00000005bac80000,0x00000005c0180000)
 ParOldGen       total 1566720K, used 33487K [0x0000000080200000, 0x00000000dfc00000, 0x0000000580100000)
  object space 1566720K, 2% used [0x0000000080200000,0x00000000822b3db8,0x00000000dfc00000)
 Metaspace       used 56146K, capacity 58494K, committed 58752K, reserved 1099776K
  class space    used 7073K, capacity 7485K, committed 7552K, reserved 1048576K
}
Event: 4.296 GC heap before
{Heap before GC invocations=7 (full 2):
 PSYoungGen      total 1049088K, used 162194K [0x0000000580100000, 0x00000005cb080000, 0x0000000800000000)
  eden space 962048K, 12% used [0x0000000580100000,0x00000005878cbc90,0x00000005bac80000)
  from space 87040K, 45% used [0x00000005c0180000,0x00000005c2818e08,0x00000005c5680000)
  to   space 87040K, 0% used [0x00000005bac80000,0x00000005bac80000,0x00000005c0180000)
 ParOldGen       total 1566720K, used 33487K [0x0000000080200000, 0x00000000dfc00000, 0x0000000580100000)
  object space 1566720K, 2% used [0x0000000080200000,0x00000000822b3db8,0x00000000dfc00000)
 Metaspace       used 56515K, capacity 58866K, committed 59008K, reserved 1101824K
  class space    used 7108K, capacity 7521K, committed 7552K, reserved 1048576K
Event: 4.305 GC heap after
Heap after GC invocations=7 (full 2):
 PSYoungGen      total 1049088K, used 34517K [0x0000000580100000, 0x00000005d7080000, 0x0000000800000000)
  eden space 962048K, 0% used [0x0000000580100000,0x0000000580100000,0x00000005bac80000)
  from space 87040K, 39% used [0x00000005bac80000,0x00000005bce356b8,0x00000005c0180000)
  to   space 44544K, 0% used [0x00000005d4500000,0x00000005d4500000,0x00000005d7080000)
 ParOldGen       total 1566720K, used 33495K [0x0000000080200000, 0x00000000dfc00000, 0x0000000580100000)
  object space 1566720K, 2% used [0x0000000080200000,0x00000000822b5db8,0x00000000dfc00000)
 Metaspace       used 56515K, capacity 58866K, committed 59008K, reserved 1101824K
  class space    used 7108K, capacity 7521K, committed 7552K, reserved 1048576K
}
Event: 4.305 GC heap before
{Heap before GC invocations=8 (full 3):
 PSYoungGen      total 1049088K, used 34517K [0x0000000580100000, 0x00000005d7080000, 0x0000000800000000)
  eden space 962048K, 0% used [0x0000000580100000,0x0000000580100000,0x00000005bac80000)
  from space 87040K, 39% used [0x00000005bac80000,0x00000005bce356b8,0x00000005c0180000)
  to   space 44544K, 0% used [0x00000005d4500000,0x00000005d4500000,0x00000005d7080000)
 ParOldGen       total 1566720K, used 33495K [0x0000000080200000, 0x00000000dfc00000, 0x0000000580100000)
  object space 1566720K, 2% used [0x0000000080200000,0x00000000822b5db8,0x00000000dfc00000)
 Metaspace       used 56515K, capacity 58866K, committed 59008K, reserved 1101824K
  class space    used 7108K, capacity 7521K, committed 7552K, reserved 1048576K
Event: 4.390 GC heap after
Heap after GC invocations=8 (full 3):
 PSYoungGen      total 1049088K, used 0K [0x0000000580100000, 0x00000005d7080000, 0x0000000800000000)
  eden space 962048K, 0% used [0x0000000580100000,0x0000000580100000,0x00000005bac80000)
  from space 87040K, 0% used [0x00000005bac80000,0x00000005bac80000,0x00000005c0180000)
  to   space 44544K, 0% used [0x00000005d4500000,0x00000005d4500000,0x00000005d7080000)
 ParOldGen       total 2153472K, used 53330K [0x0000000080200000, 0x0000000103900000, 0x0000000580100000)
  object space 2153472K, 2% used [0x0000000080200000,0x0000000083614940,0x0000000103900000)
 Metaspace       used 56515K, capacity 58866K, committed 59008K, reserved 1101824K
  class space    used 7108K, capacity 7521K, committed 7552K, reserved 1048576K
}

